android/android/app/build/intermediates/manifest_merge_blame_file/debug/manifest-merger-blame-debug-report.txt
1<?xml version="1.0" encoding="utf-8"?>
2<manifest xmlns:android="http://schemas.android.com/apk/res/android"
3    package="com.resolverqr"
4    android:versionCode="1"
5    android:versionName="1.0" >
6
7    <uses-sdk
8        android:minSdkVersion="16"
9        android:targetSdkVersion="29" />
10
11    <uses-permission android:name="android.permission.SYSTEM_ALERT_WINDOW" />
11-->src/debug/AndroidManifest.xml:5:5-77
11-->src/debug/AndroidManifest.xml:5:22-75
12    <uses-permission android:name="android.permission.INTERNET" />
12-->src/main/AndroidManifest.xml:4:5-67
12-->src/main/AndroidManifest.xml:4:22-64
13    <uses-permission android:name="android.permission.VIBRATE" />
13-->src/main/AndroidManifest.xml:5:5-65
13-->src/main/AndroidManifest.xml:5:22-63
14    <uses-permission android:name="android.permission.RECORD_AUDIO" />
14-->src/main/AndroidManifest.xml:6:5-70
14-->src/main/AndroidManifest.xml:6:22-68
15    <uses-permission android:name="android.permission.READ_EXTERNAL_STORAGE" />
15-->src/main/AndroidManifest.xml:7:3-78
15-->src/main/AndroidManifest.xml:7:20-75
16    <uses-permission android:name="android.permission.WRITE_EXTERNAL_STORAGE" />
16-->src/main/AndroidManifest.xml:8:3-79
16-->src/main/AndroidManifest.xml:8:20-76
17    <uses-permission android:name="android.permission.CAMERA" />
17-->src/main/AndroidManifest.xml:9:5-65
17-->src/main/AndroidManifest.xml:9:22-62
18    <uses-permission android:name="android.permission.ACCESS_WIFI_STATE" />
18-->[com.facebook.flipper:flipper:0.37.0] AndroidManifest.xml:16:5-76
18-->[com.facebook.flipper:flipper:0.37.0] AndroidManifest.xml:16:22-73
19
20    <uses-feature
20-->[:react-native-camera] AndroidManifest.xml:11:5-13:36
21        android:name="android.hardware.camera"
21-->[:react-native-camera] AndroidManifest.xml:12:9-47
22        android:required="false" />
22-->[:react-native-camera] AndroidManifest.xml:13:9-33
23    <uses-feature
23-->[:react-native-camera] AndroidManifest.xml:14:5-16:36
24        android:name="android.hardware.camera.autofocus"
24-->[:react-native-camera] AndroidManifest.xml:15:9-57
25        android:required="false" />
25-->[:react-native-camera] AndroidManifest.xml:16:9-33
26
27    <uses-permission android:name="android.permission.ACCESS_COARSE_LOCATION" />
27-->[:react-native-get-location] AndroidManifest.xml:9:5-81
27-->[:react-native-get-location] AndroidManifest.xml:9:22-78
28
29    <application
29-->src/main/AndroidManifest.xml:12:5-31:19
30        android:name="com.resolverqr.MainApplication"
30-->src/main/AndroidManifest.xml:13:7-38
31        android:allowBackup="false"
31-->src/main/AndroidManifest.xml:17:7-34
32        android:appComponentFactory="androidx.core.app.CoreComponentFactory"
32-->[androidx.core:core:1.1.0] AndroidManifest.xml:24:18-86
33        android:debuggable="true"
34        android:icon="@mipmap/ic_launcher"
34-->src/main/AndroidManifest.xml:15:7-41
35        android:label="@string/app_name"
35-->src/main/AndroidManifest.xml:14:7-39
36        android:roundIcon="@mipmap/ic_launcher_round"
36-->src/main/AndroidManifest.xml:16:7-52
37        android:theme="@style/AppTheme"
37-->src/main/AndroidManifest.xml:18:7-38
38        android:usesCleartextTraffic="true" >
38-->src/debug/AndroidManifest.xml:7:18-53
39        <activity
39-->src/main/AndroidManifest.xml:19:7-29:18
40            android:name="com.resolverqr.MainActivity"
40-->src/main/AndroidManifest.xml:20:9-37
41            android:configChanges="keyboard|keyboardHidden|orientation|screenSize|uiMode"
41-->src/main/AndroidManifest.xml:22:9-86
42            android:label="@string/app_name"
42-->src/main/AndroidManifest.xml:21:9-41
43            android:launchMode="singleTask"
43-->src/main/AndroidManifest.xml:23:9-40
44            android:windowSoftInputMode="adjustResize" >
44-->src/main/AndroidManifest.xml:24:9-51
45            <intent-filter>
45-->src/main/AndroidManifest.xml:25:9-28:25
46                <action android:name="android.intent.action.MAIN" />
46-->src/main/AndroidManifest.xml:26:13-65
46-->src/main/AndroidManifest.xml:26:21-62
47
48                <category android:name="android.intent.category.LAUNCHER" />
48-->src/main/AndroidManifest.xml:27:13-73
48-->src/main/AndroidManifest.xml:27:23-70
49            </intent-filter>
50        </activity>
51        <activity android:name="com.facebook.react.devsupport.DevSettingsActivity" />
51-->src/main/AndroidManifest.xml:30:7-84
51-->src/main/AndroidManifest.xml:30:17-81
52        <activity
52-->[com.google.android.gms:play-services-base:16.0.1] AndroidManifest.xml:23:9-26:75
53            android:name="com.google.android.gms.common.api.GoogleApiActivity"
53-->[com.google.android.gms:play-services-base:16.0.1] AndroidManifest.xml:24:13-79
54            android:exported="false"
54-->[com.google.android.gms:play-services-base:16.0.1] AndroidManifest.xml:25:13-37
55            android:theme="@android:style/Theme.Translucent.NoTitleBar" />
55-->[com.google.android.gms:play-services-base:16.0.1] AndroidManifest.xml:26:13-72
56
57        <meta-data
57-->[com.google.android.gms:play-services-basement:16.1.0] AndroidManifest.xml:23:9-25:69
58            android:name="com.google.android.gms.version"
58-->[com.google.android.gms:play-services-basement:16.1.0] AndroidManifest.xml:24:13-58
59            android:value="@integer/google_play_services_version" />
59-->[com.google.android.gms:play-services-basement:16.1.0] AndroidManifest.xml:25:13-66
60    </application>
61
62</manifest>